{"level":"\u001b[32minfo\u001b[39m","message":"{\"method\":\"GET\",\"url\":\"/\",\"status\":\"404\",\"responseTime\":\"0.936\"}","timestamp":"2025-02-26T18:26:15.354Z"}
{"level":"\u001b[32minfo\u001b[39m","message":"{\"method\":\"GET\",\"url\":\"/\",\"status\":\"404\",\"responseTime\":\"0.773\"}","timestamp":"2025-02-26T18:26:17.441Z"}
{"level":"\u001b[32minfo\u001b[39m","message":"{\"method\":\"GET\",\"url\":\"/\",\"status\":\"404\",\"responseTime\":\"0.676\"}","timestamp":"2025-02-26T18:26:23.510Z"}
{"level":"\u001b[32minfo\u001b[39m","message":"{\"method\":\"GET\",\"url\":\"/favicon.ico\",\"status\":\"404\",\"responseTime\":\"1.628\"}","timestamp":"2025-02-26T18:27:16.277Z"}
{"level":"\u001b[32minfo\u001b[39m","message":"{\"method\":\"GET\",\"url\":\"/users\",\"status\":\"404\",\"responseTime\":\"0.815\"}","timestamp":"2025-02-26T18:27:33.387Z"}
{"level":"\u001b[32minfo\u001b[39m","message":"{\"method\":\"GET\",\"url\":\"/api/v1/users\",\"status\":\"404\",\"responseTime\":\"0.625\"}","timestamp":"2025-02-26T18:28:22.338Z"}
{"level":"\u001b[32minfo\u001b[39m","message":"{\"method\":\"GET\",\"url\":\"/api/v1/users\",\"status\":\"404\",\"responseTime\":\"2.575\"}","timestamp":"2025-02-26T18:29:53.102Z"}
{"level":"\u001b[32minfo\u001b[39m","message":"{\"method\":\"GET\",\"url\":\"/api/v1/users\",\"status\":\"404\",\"responseTime\":\"0.777\"}","timestamp":"2025-02-26T18:29:54.032Z"}
{"level":"\u001b[32minfo\u001b[39m","message":"{\"method\":\"GET\",\"url\":\"/api/v1/users\",\"status\":\"404\",\"responseTime\":\"0.801\"}","timestamp":"2025-02-26T18:29:54.539Z"}
{"level":"\u001b[32minfo\u001b[39m","message":"{\"method\":\"GET\",\"url\":\"/api/v1/users\",\"status\":\"404\",\"responseTime\":\"0.450\"}","timestamp":"2025-02-26T18:29:54.896Z"}
{"level":"\u001b[32minfo\u001b[39m","message":"{\"method\":\"GET\",\"url\":\"/api/v1/users/register\",\"status\":\"404\",\"responseTime\":\"1.109\"}","timestamp":"2025-02-26T18:30:57.433Z"}
{"level":"\u001b[32minfo\u001b[39m","message":"{\"method\":\"GET\",\"url\":\"/api/v1/users/register\",\"status\":\"404\",\"responseTime\":\"0.263\"}","timestamp":"2025-02-26T18:31:23.081Z"}
{"level":"\u001b[32minfo\u001b[39m","message":"{\"method\":\"GET\",\"url\":\"/api/v1/users/register\",\"status\":\"404\",\"responseTime\":\"0.845\"}","timestamp":"2025-02-26T19:19:04.136Z"}
{"level":"\u001b[32minfo\u001b[39m","message":"{\"method\":\"GET\",\"url\":\"/api/v1/users/67bf68d105219e91e4777136\",\"status\":\"404\",\"responseTime\":\"1.795\"}","timestamp":"2025-02-26T19:29:00.025Z"}
{"level":"\u001b[32minfo\u001b[39m","message":"{\"method\":\"GET\",\"url\":\"/api/v1/users/67bf68d105219e91e4777136\",\"status\":\"404\",\"responseTime\":\"0.221\"}","timestamp":"2025-02-26T19:31:07.850Z"}
{"level":"\u001b[32minfo\u001b[39m","message":"{\"method\":\"GET\",\"url\":\"/favicon.ico\",\"status\":\"404\",\"responseTime\":\"1.035\"}","timestamp":"2025-02-26T19:33:37.548Z"}
{"level":"\u001b[32minfo\u001b[39m","message":"{\"method\":\"POST\",\"url\":\"/api/v1/users/login\",\"status\":\"404\",\"responseTime\":\"1.144\"}","timestamp":"2025-02-27T18:31:55.976Z"}
{"level":"\u001b[32minfo\u001b[39m","message":"{\"method\":\"GET\",\"url\":\"/favicon.ico\",\"status\":\"404\",\"responseTime\":\"1.029\"}","timestamp":"2025-02-27T20:33:24.476Z"}
{"level":"\u001b[32minfo\u001b[39m","message":"{\"method\":\"GET\",\"url\":\"/favicon.ico\",\"status\":\"404\",\"responseTime\":\"1.511\"}","timestamp":"2025-02-27T20:59:06.342Z"}
{"level":"\u001b[32minfo\u001b[39m","message":"{\"method\":\"GET\",\"url\":\"/favicon.ico\",\"status\":\"404\",\"responseTime\":\"1.825\"}","timestamp":"2025-03-02T09:24:25.635Z"}
{"level":"\u001b[32minfo\u001b[39m","message":"{\"method\":\"GET\",\"url\":\"/api/v1/users/$%7Bendpoint%7D\",\"status\":\"404\",\"responseTime\":\"1.127\"}","timestamp":"2025-03-02T09:51:58.334Z"}
{"level":"\u001b[32minfo\u001b[39m","message":"{\"method\":\"GET\",\"url\":\"/api/v1/users/current-user%0A\",\"status\":\"404\",\"responseTime\":\"0.193\"}","timestamp":"2025-03-02T10:19:56.077Z"}
{"level":"\u001b[32minfo\u001b[39m","message":"{\"method\":\"GET\",\"url\":\"/api/v1/users/current-user%0A\",\"status\":\"404\",\"responseTime\":\"0.412\"}","timestamp":"2025-03-02T10:21:41.884Z"}
{"level":"\u001b[32minfo\u001b[39m","message":"{\"method\":\"GET\",\"url\":\"/api/v1/users/watch-history\",\"status\":\"404\",\"responseTime\":\"1.391\"}","timestamp":"2025-03-02T11:33:18.331Z"}
{"level":"\u001b[32minfo\u001b[39m","message":"{\"method\":\"GET\",\"url\":\"/api/v1/users/watch-history\",\"status\":\"404\",\"responseTime\":\"0.280\"}","timestamp":"2025-03-02T11:33:18.335Z"}
{"level":"\u001b[32minfo\u001b[39m","message":"{\"method\":\"GET\",\"url\":\"/api/users/me\",\"status\":\"404\",\"responseTime\":\"0.139\"}","timestamp":"2025-03-02T11:36:22.151Z"}
{"level":"\u001b[32minfo\u001b[39m","message":"{\"method\":\"GET\",\"url\":\"/api/users/me\",\"status\":\"404\",\"responseTime\":\"0.810\"}","timestamp":"2025-03-02T11:38:03.166Z"}
{"level":"\u001b[32minfo\u001b[39m","message":"{\"method\":\"GET\",\"url\":\"/api/users/me\",\"status\":\"404\",\"responseTime\":\"0.848\"}","timestamp":"2025-03-02T11:38:15.693Z"}
{"level":"\u001b[32minfo\u001b[39m","message":"{\"method\":\"GET\",\"url\":\"/api/users/me\",\"status\":\"404\",\"responseTime\":\"0.301\"}","timestamp":"2025-03-02T11:38:15.696Z"}
{"level":"\u001b[32minfo\u001b[39m","message":"{\"method\":\"GET\",\"url\":\"/api/users/me\",\"status\":\"404\",\"responseTime\":\"0.304\"}","timestamp":"2025-03-02T11:38:17.238Z"}
{"level":"\u001b[32minfo\u001b[39m","message":"{\"method\":\"GET\",\"url\":\"/api/users/me\",\"status\":\"404\",\"responseTime\":\"0.330\"}","timestamp":"2025-03-02T11:38:17.241Z"}
{"level":"\u001b[32minfo\u001b[39m","message":"{\"method\":\"GET\",\"url\":\"/api/users/me\",\"status\":\"404\",\"responseTime\":\"1.618\"}","timestamp":"2025-03-02T11:38:18.792Z"}
{"level":"\u001b[32minfo\u001b[39m","message":"{\"method\":\"GET\",\"url\":\"/api/users/me\",\"status\":\"404\",\"responseTime\":\"0.137\"}","timestamp":"2025-03-02T11:38:18.793Z"}
{"level":"\u001b[32minfo\u001b[39m","message":"{\"method\":\"GET\",\"url\":\"/api/users/me\",\"status\":\"404\",\"responseTime\":\"0.336\"}","timestamp":"2025-03-02T11:38:36.336Z"}
{"level":"\u001b[32minfo\u001b[39m","message":"{\"method\":\"GET\",\"url\":\"/api/users/me\",\"status\":\"404\",\"responseTime\":\"0.416\"}","timestamp":"2025-03-02T11:38:36.338Z"}
{"level":"\u001b[32minfo\u001b[39m","message":"{\"method\":\"GET\",\"url\":\"/api/users/current-user\",\"status\":\"404\",\"responseTime\":\"0.142\"}","timestamp":"2025-03-02T11:39:00.154Z"}
{"level":"\u001b[32minfo\u001b[39m","message":"{\"method\":\"GET\",\"url\":\"/api/users/current-user\",\"status\":\"404\",\"responseTime\":\"0.261\"}","timestamp":"2025-03-02T11:39:00.157Z"}
{"level":"\u001b[32minfo\u001b[39m","message":"{\"method\":\"GET\",\"url\":\"/api/users/current-user\",\"status\":\"404\",\"responseTime\":\"0.237\"}","timestamp":"2025-03-02T11:39:04.005Z"}
{"level":"\u001b[32minfo\u001b[39m","message":"{\"method\":\"GET\",\"url\":\"/api/users/current-user\",\"status\":\"404\",\"responseTime\":\"0.230\"}","timestamp":"2025-03-02T11:39:04.006Z"}
{"level":"\u001b[32minfo\u001b[39m","message":"{\"method\":\"GET\",\"url\":\"/api/users/current-user\",\"status\":\"404\",\"responseTime\":\"0.424\"}","timestamp":"2025-03-02T11:39:23.078Z"}
{"level":"\u001b[32minfo\u001b[39m","message":"{\"method\":\"GET\",\"url\":\"/api/users/current-user\",\"status\":\"404\",\"responseTime\":\"0.297\"}","timestamp":"2025-03-02T11:39:23.080Z"}
